# JRE version: Java(TM) SE Runtime Environment 18.9 (11.0.16+11) (build 11.0.16+11-LTS-199)
# Java VM: Java HotSpot(TM) 64-Bit Server VM 18.9 (11.0.16+11-LTS-199, mixed mode, tiered, compressed oops, g1 gc, windows-amd64)
Heap:
 garbage-first heap   total 71680K, used 27023K [0x0000000750800000, 0x0000000800000000)
  region size 1024K, 7 young (7168K), 4 survivors (4096K)
 Metaspace       used 69266K, capacity 72002K, committed 72064K, reserved 1112064K
  class space    used 8587K, capacity 9550K, committed 9600K, reserved 1048576K
GC Heap History (10 events):
Event: 16050.200 GC heap before
{Heap before GC invocations=36 (full 8):
 garbage-first heap   total 71680K, used 54523K [0x0000000750800000, 0x0000000800000000)
  region size 1024K, 34 young (34816K), 3 survivors (3072K)
 Metaspace       used 68952K, capacity 71502K, committed 71808K, reserved 1112064K
  class space    used 8566K, capacity 9520K, committed 9600K, reserved 1048576K
}
Event: 16050.207 GC heap after
{Heap after GC invocations=37 (full 8):
 garbage-first heap   total 71680K, used 22637K [0x0000000750800000, 0x0000000800000000)
  region size 1024K, 1 young (1024K), 1 survivors (1024K)
 Metaspace       used 68952K, capacity 71502K, committed 71808K, reserved 1112064K
  class space    used 8566K, capacity 9520K, committed 9600K, reserved 1048576K
}
Event: 16644.490 GC heap before
{Heap before GC invocations=37 (full 8):
 garbage-first heap   total 71680K, used 57453K [0x0000000750800000, 0x0000000800000000)
  region size 1024K, 35 young (35840K), 1 survivors (1024K)
 Metaspace       used 68969K, capacity 71513K, committed 71808K, reserved 1112064K
  class space    used 8567K, capacity 9522K, committed 9600K, reserved 1048576K
}
Event: 16644.565 GC heap after
{Heap after GC invocations=38 (full 8):
 garbage-first heap   total 71680K, used 23602K [0x0000000750800000, 0x0000000800000000)
  region size 1024K, 2 young (2048K), 2 survivors (2048K)
 Metaspace       used 68969K, capacity 71513K, committed 71808K, reserved 1112064K
  class space    used 8567K, capacity 9522K, committed 9600K, reserved 1048576K
}
Event: 16652.573 GC heap before
{Heap before GC invocations=38 (full 8):
 garbage-first heap   total 71680K, used 57394K [0x0000000750800000, 0x0000000800000000)
  region size 1024K, 35 young (35840K), 2 survivors (2048K)
 Metaspace       used 69059K, capacity 71666K, committed 71808K, reserved 1112064K
  class space    used 8573K, capacity 9530K, committed 9600K, reserved 1048576K
}
Event: 16652.594 GC heap after
{Heap after GC invocations=39 (full 8):
 garbage-first heap   total 71680K, used 24343K [0x0000000750800000, 0x0000000800000000)
  region size 1024K, 3 young (3072K), 3 survivors (3072K)
 Metaspace       used 69059K, capacity 71666K, committed 71808K, reserved 1112064K
  class space    used 8573K, capacity 9530K, committed 9600K, reserved 1048576K
}
Event: 16679.871 GC heap before
{Heap before GC invocations=39 (full 8):
 garbage-first heap   total 71680K, used 57111K [0x0000000750800000, 0x0000000800000000)
  region size 1024K, 35 young (35840K), 3 survivors (3072K)
 Metaspace       used 69123K, capacity 71753K, committed 72064K, reserved 1112064K
  class space    used 8577K, capacity 9536K, committed 9600K, reserved 1048576K
}
Event: 16679.883 GC heap after
{Heap after GC invocations=40 (full 8):
 garbage-first heap   total 71680K, used 24253K [0x0000000750800000, 0x0000000800000000)
  region size 1024K, 3 young (3072K), 3 survivors (3072K)
 Metaspace       used 69123K, capacity 71753K, committed 72064K, reserved 1112064K
  class space    used 8577K, capacity 9536K, committed 9600K, reserved 1048576K
}
Event: 16815.302 GC heap before
{Heap before GC invocations=40 (full 8):
 garbage-first heap   total 71680K, used 57021K [0x0000000750800000, 0x0000000800000000)
  region size 1024K, 35 young (35840K), 3 survivors (3072K)
 Metaspace       used 69210K, capacity 71919K, committed 72064K, reserved 1112064K
  class space    used 8582K, capacity 9545K, committed 9600K, reserved 1048576K
}
Event: 16815.333 GC heap after
{Heap after GC invocations=41 (full 8):
 garbage-first heap   total 71680K, used 23579K [0x0000000750800000, 0x0000000800000000)
  region size 1024K, 2 young (2048K), 2 survivors (2048K)
 Metaspace       used 69210K, capacity 71919K, committed 72064K, reserved 1112064K
  class space    used 8582K, capacity 9545K, committed 9600K, reserved 1048576K
}

